2025-04-13 00:31:55,703 - __main__ - INFO - Starting Flask server...
2025-04-13 00:31:55,733 - werkzeug - INFO - [31m[1mWARNING: This is a development server. Do not use it in a production deployment. Use a production WSGI server instead.[0m
 * Running on all addresses (0.0.0.0)
 * Running on http://127.0.0.1:5002
 * Running on http://192.168.1.8:5002
2025-04-13 00:31:55,733 - werkzeug - INFO - [33mPress CTRL+C to quit[0m
2025-04-13 00:31:55,735 - werkzeug - INFO -  * Restarting with stat
2025-04-13 00:31:56,006 - __main__ - INFO - Starting Flask server...
2025-04-13 00:31:56,037 - werkzeug - WARNING -  * Debugger is active!
2025-04-13 00:31:56,042 - werkzeug - INFO -  * Debugger PIN: 119-402-843
2025-04-13 00:33:51,092 - werkzeug - INFO -  * Detected change in 'C:\\Users\\Simar\\Simar-WS\\Semester4\\DBMS\\dbms\\routes\\pet_routes.py', reloading
2025-04-13 00:33:51,138 - werkzeug - INFO -  * Restarting with stat
2025-04-13 00:33:51,438 - __main__ - INFO - Starting Flask server...
2025-04-13 00:33:51,462 - werkzeug - WARNING -  * Debugger is active!
2025-04-13 00:33:51,465 - werkzeug - INFO -  * Debugger PIN: 119-402-843
2025-04-13 00:34:25,322 - werkzeug - INFO -  * Detected change in 'C:\\Users\\Simar\\Simar-WS\\Semester4\\DBMS\\dbms\\routes\\product_routes.py', reloading
2025-04-13 00:34:25,350 - werkzeug - INFO -  * Restarting with stat
2025-04-13 00:34:25,613 - __main__ - INFO - Starting Flask server...
2025-04-13 00:34:25,635 - werkzeug - WARNING -  * Debugger is active!
2025-04-13 00:34:25,637 - werkzeug - INFO -  * Debugger PIN: 119-402-843
2025-04-13 00:34:50,997 - werkzeug - INFO -  * Detected change in 'C:\\Users\\Simar\\Simar-WS\\Semester4\\DBMS\\dbms\\routes\\vet_routes.py', reloading
2025-04-13 00:34:51,033 - werkzeug - INFO -  * Restarting with stat
2025-04-13 00:34:51,293 - __main__ - INFO - Starting Flask server...
2025-04-13 00:34:51,315 - werkzeug - WARNING -  * Debugger is active!
2025-04-13 00:34:51,317 - werkzeug - INFO -  * Debugger PIN: 119-402-843
2025-04-13 00:35:23,582 - werkzeug - INFO -  * Detected change in 'C:\\Users\\Simar\\Simar-WS\\Semester4\\DBMS\\dbms\\routes\\user_routes.py', reloading
2025-04-13 00:35:23,614 - werkzeug - INFO -  * Restarting with stat
2025-04-13 00:35:23,893 - __main__ - INFO - Starting Flask server...
2025-04-13 00:35:23,913 - werkzeug - WARNING -  * Debugger is active!
2025-04-13 00:35:23,915 - werkzeug - INFO -  * Debugger PIN: 119-402-843
2025-04-13 00:35:53,869 - werkzeug - INFO -  * Detected change in 'C:\\Users\\Simar\\Simar-WS\\Semester4\\DBMS\\dbms\\routes\\order_routes.py', reloading
2025-04-13 00:35:53,903 - werkzeug - INFO -  * Restarting with stat
2025-04-13 00:35:54,207 - __main__ - INFO - Starting Flask server...
2025-04-13 00:35:54,234 - werkzeug - WARNING -  * Debugger is active!
2025-04-13 00:35:54,236 - werkzeug - INFO -  * Debugger PIN: 119-402-843
